\BOOKMARK [0][-]{chapter.1}{\376\377\000C\000L\000M\000\040\000U\000s\000e\000r\040\031\000s\000\040\000G\000u\000i\000d\000e}{}% 1
\BOOKMARK [1][-]{section.1.1}{\376\377\000O\000v\000e\000r\000v\000i\000e\000w}{chapter.1}% 2
\BOOKMARK [1][-]{section.1.2}{\376\377\000S\000e\000t\000t\000i\000n\000g\000\040\000U\000p\000\040\000a\000n\000d\000\040\000R\000u\000n\000n\000i\000n\000g\000\040\000a\000\040\000C\000a\000s\000e}{chapter.1}% 3
\BOOKMARK [1][-]{section.1.3}{\376\377\000U\000s\000i\000n\000g\000\040\000C\000L\000M\000\040\000t\000o\000o\000l\000s}{chapter.1}% 4
\BOOKMARK [1][-]{section.1.4}{\376\377\000A\000d\000d\000i\000n\000g\000\040\000N\000e\000w\000\040\000R\000e\000s\000o\000l\000u\000t\000i\000o\000n\000s}{chapter.1}% 5
\BOOKMARK [1][-]{section.1.5}{\376\377\000R\000u\000n\000n\000i\000n\000g\000\040\000S\000p\000e\000c\000i\000a\000l\000\040\000C\000a\000s\000e\000s}{chapter.1}% 6
\BOOKMARK [1][-]{section.1.6}{\376\377\000R\000u\000n\000n\000i\000n\000g\000\040\000S\000i\000n\000g\000l\000e\000\040\000P\000o\000i\000n\000t\000\040\000R\000e\000g\000i\000o\000n\000a\000l\000\040\000C\000a\000s\000e\000s}{chapter.1}% 7
\BOOKMARK [1][-]{section.1.7}{\376\377\000R\000u\000n\000n\000i\000n\000g\000\040\000P\000T\000C\000L\000M}{chapter.1}% 8
\BOOKMARK [1][-]{section.1.8}{\376\377\000T\000r\000o\000u\000b\000l\000e\000s\000h\000o\000o\000t\000i\000n\000g}{chapter.1}% 9
\BOOKMARK [0][-]{chapter.2}{\376\377\000C\000L\000M\000\040\000T\000e\000c\000h\000n\000i\000c\000a\000l\000\040\000N\000o\000t\000e}{}% 10
\BOOKMARK [1][-]{section.2.1}{\376\377\000I\000n\000t\000r\000o\000d\000u\000c\000t\000i\000o\000n}{chapter.2}% 11
\BOOKMARK [1][-]{section.2.2}{\376\377\000S\000u\000r\000f\000a\000c\000e\000\040\000C\000h\000a\000r\000a\000c\000t\000e\000r\000i\000z\000a\000t\000i\000o\000n\000,\000\040\000V\000e\000r\000t\000i\000c\000a\000l\000\040\000D\000i\000s\000c\000r\000e\000t\000i\000z\000a\000t\000i\000o\000n\000,\000\040\000a\000n\000d\000\040\000M\000o\000d\000e\000l\000\040\000I\000n\000p\000u\000t\000\040\000R\000e\000q\000u\000i\000r\000e\000m\000e\000n\000t\000s}{chapter.2}% 12
\BOOKMARK [1][-]{section.2.3}{\376\377\000S\000u\000r\000f\000a\000c\000e\000\040\000A\000l\000b\000e\000d\000o\000s}{chapter.2}% 13
\BOOKMARK [1][-]{section.2.4}{\376\377\000R\000a\000d\000i\000a\000t\000i\000v\000e\000\040\000F\000l\000u\000x\000e\000s}{chapter.2}% 14
\BOOKMARK [1][-]{section.2.5}{\376\377\000M\000o\000m\000e\000n\000t\000u\000m\000,\000\040\000S\000e\000n\000s\000i\000b\000l\000e\000\040\000H\000e\000a\000t\000,\000\040\000a\000n\000d\000\040\000L\000a\000t\000e\000n\000t\000\040\000H\000e\000a\000t\000\040\000F\000l\000u\000x\000e\000s}{chapter.2}% 15
\BOOKMARK [1][-]{section.2.6}{\376\377\000S\000o\000i\000l\000\040\000a\000n\000d\000\040\000S\000n\000o\000w\000\040\000T\000e\000m\000p\000e\000r\000a\000t\000u\000r\000e\000s}{chapter.2}% 16
\BOOKMARK [1][-]{section.2.7}{\376\377\000H\000y\000d\000r\000o\000l\000o\000g\000y}{chapter.2}% 17
\BOOKMARK [1][-]{section.2.8}{\376\377\000S\000n\000o\000w\000\040\000H\000y\000d\000r\000o\000l\000o\000g\000y}{chapter.2}% 18
\BOOKMARK [1][-]{section.2.9}{\376\377\000S\000t\000o\000m\000a\000t\000a\000l\000\040\000R\000e\000s\000i\000s\000t\000a\000n\000c\000e\000\040\000a\000n\000d\000\040\000P\000h\000o\000t\000o\000s\000y\000n\000t\000h\000e\000s\000i\000s}{chapter.2}% 19
\BOOKMARK [1][-]{section.2.10}{\376\377\000P\000h\000o\000t\000o\000s\000y\000n\000t\000h\000e\000t\000i\000c\000\040\000C\000a\000p\000a\000c\000i\000t\000y}{chapter.2}% 20
\BOOKMARK [1][-]{section.2.11}{\376\377\000P\000l\000a\000n\000t\000\040\000H\000y\000d\000r\000a\000u\000l\000i\000c\000s}{chapter.2}% 21
\BOOKMARK [1][-]{section.2.12}{\376\377\000L\000a\000k\000e\000\040\000M\000o\000d\000e\000l}{chapter.2}% 22
\BOOKMARK [1][-]{section.2.13}{\376\377\000G\000l\000a\000c\000i\000e\000r\000s}{chapter.2}% 23
\BOOKMARK [1][-]{section.2.14}{\376\377\000M\000o\000d\000e\000l\000\040\000f\000o\000r\000\040\000S\000c\000a\000l\000e\000\040\000A\000d\000a\000p\000t\000i\000v\000e\000\040\000R\000i\000v\000e\000r\000\040\000T\000r\000a\000n\000s\000p\000o\000r\000t\000\040\000\050\000M\000O\000S\000A\000R\000T\000\051}{chapter.2}% 24
\BOOKMARK [1][-]{section.2.15}{\376\377\000U\000r\000b\000a\000n\000\040\000M\000o\000d\000e\000l\000\040\000\050\000C\000L\000M\000U\000\051}{chapter.2}% 25
\BOOKMARK [1][-]{section.2.16}{\376\377\000C\000N\000\040\000P\000o\000o\000l\000s}{chapter.2}% 26
\BOOKMARK [1][-]{section.2.17}{\376\377\000P\000l\000a\000n\000t\000\040\000R\000e\000s\000p\000i\000r\000a\000t\000i\000o\000n}{chapter.2}% 27
\BOOKMARK [1][-]{section.2.18}{\376\377\000F\000i\000x\000a\000t\000i\000o\000n\000\040\000a\000n\000d\000\040\000U\000p\000t\000a\000k\000e\000\040\000o\000f\000\040\000N\000i\000t\000r\000o\000g\000e\000n\000\040\000\050\000F\000U\000N\000\051}{chapter.2}% 28
\BOOKMARK [1][-]{section.2.19}{\376\377\000C\000a\000r\000b\000o\000n\000\040\000a\000n\000d\000\040\000N\000i\000t\000r\000o\000g\000e\000n\000\040\000A\000l\000l\000o\000c\000a\000t\000i\000o\000n}{chapter.2}% 29
\BOOKMARK [1][-]{section.2.20}{\376\377\000V\000e\000g\000e\000t\000a\000t\000i\000o\000n\000\040\000P\000h\000e\000n\000o\000l\000o\000g\000y\000\040\000a\000n\000d\000\040\000T\000u\000r\000n\000o\000v\000e\000r}{chapter.2}% 30
\BOOKMARK [1][-]{section.2.21}{\376\377\000D\000e\000c\000o\000m\000p\000o\000s\000i\000t\000i\000o\000n}{chapter.2}% 31
\BOOKMARK [1][-]{section.2.22}{\376\377\000E\000x\000t\000e\000r\000n\000a\000l\000\040\000N\000i\000t\000r\000o\000g\000e\000n\000\040\000C\000y\000c\000l\000e}{chapter.2}% 32
\BOOKMARK [1][-]{section.2.23}{\376\377\000F\000i\000r\000e}{chapter.2}% 33
\BOOKMARK [1][-]{section.2.24}{\376\377\000M\000e\000t\000h\000a\000n\000e\000\040\000M\000o\000d\000e\000l}{chapter.2}% 34
\BOOKMARK [1][-]{section.2.25}{\376\377\000C\000r\000o\000p\000s\000\040\000a\000n\000d\000\040\000I\000r\000r\000i\000g\000a\000t\000i\000o\000n}{chapter.2}% 35
\BOOKMARK [1][-]{section.2.26}{\376\377\000T\000r\000a\000n\000s\000i\000e\000n\000t\000\040\000L\000a\000n\000d\000\040\000U\000s\000e\000\040\000a\000n\000d\000\040\000L\000a\000n\000d\000\040\000C\000o\000v\000e\000r\000\040\000C\000h\000a\000n\000g\000e}{chapter.2}% 36
\BOOKMARK [1][-]{section.2.27}{\376\377\000D\000y\000n\000a\000m\000i\000c\000\040\000G\000l\000o\000b\000a\000l\000\040\000V\000e\000g\000e\000t\000a\000t\000i\000o\000n}{chapter.2}% 37
\BOOKMARK [1][-]{section.2.28}{\376\377\000T\000e\000c\000h\000n\000i\000c\000a\000l\000\040\000D\000o\000c\000u\000m\000e\000n\000t\000a\000t\000i\000o\000n\000\040\000f\000o\000r\000\040\000F\000A\000T\000E\000S}{chapter.2}% 38
\BOOKMARK [1][-]{section.2.29}{\376\377\000B\000i\000o\000g\000e\000n\000i\000c\000\040\000V\000o\000l\000a\000t\000i\000l\000e\000\040\000O\000r\000g\000a\000n\000i\000c\000\040\000C\000o\000m\000p\000o\000u\000n\000d\000s\000\040\000\050\000B\000V\000O\000C\000s\000\051}{chapter.2}% 39
\BOOKMARK [1][-]{section.2.30}{\376\377\000D\000u\000s\000t\000\040\000M\000o\000d\000e\000l}{chapter.2}% 40
\BOOKMARK [1][-]{section.2.31}{\376\377\000C\000a\000r\000b\000o\000n\000\040\000I\000s\000o\000t\000o\000p\000e\000s}{chapter.2}% 41
\BOOKMARK [1][-]{section.2.32}{\376\377\000L\000a\000n\000d\000-\000O\000n\000l\000y\000\040\000M\000o\000d\000e}{chapter.2}% 42
\BOOKMARK [1][-]{section.2.33}{\376\377\000R\000e\000f\000e\000r\000e\000n\000c\000e\000s}{chapter.2}% 43
\BOOKMARK [0][-]{chapter.3}{\376\377\000I\000n\000d\000i\000c\000e\000s\000\040\000a\000n\000d\000\040\000t\000a\000b\000l\000e\000s}{}% 44
